<?xml version="1.0" encoding="UTF-8"?>
<!-- Generated by org.testng.reporters.JUnitReportReporter -->
<testsuite hostname="IN-PG02P5P2" failures="0" tests="1" name="com.engexcellence.qa.testcases.LoginPageTest" time="9.430" errors="0" timestamp="13 Jan 2024 12:31:33 GMT" skipped="0">
  <testcase classname="com.engexcellence.qa.testcases.LoginPageTest" name="signInPageTitleTest" time="9.430"/>
</testsuite> <!-- com.engexcellence.qa.testcases.LoginPageTest -->
